<?xml version="1.0" encoding="UTF-8"?>
<testng-results ignored="0" total="3" passed="3" failed="0" skipped="0">
  <reporter-output>
  </reporter-output>
  <suite started-at="2023-10-04T06:18:50Z" name="Default suite" finished-at="2023-10-04T06:19:08Z" duration-ms="17650">
    <groups>
    </groups>
    <test started-at="2023-10-04T06:18:50Z" name="Default test" finished-at="2023-10-04T06:19:08Z" duration-ms="17650">
      <class name="com.Runner.Test_Runner">
        <test-method signature="validateTheHomePage()[pri:0, instance:com.Runner.Test_Runner@62010f5c]" started-at="2023-10-04T11:48:50Z" name="validateTheHomePage" finished-at="2023-10-04T11:49:02Z" duration-ms="11221" status="PASS">
          <reporter-output>
          </reporter-output>
        </test-method> <!-- validateTheHomePage -->
        <test-method signature="signup()[pri:1, instance:com.Runner.Test_Runner@62010f5c]" started-at="2023-10-04T11:49:02Z" name="signup" finished-at="2023-10-04T11:49:06Z" duration-ms="4749" status="PASS">
          <reporter-output>
          </reporter-output>
        </test-method> <!-- signup -->
        <test-method signature="Login()[pri:2, instance:com.Runner.Test_Runner@62010f5c]" started-at="2023-10-04T11:49:06Z" name="Login" finished-at="2023-10-04T11:49:08Z" duration-ms="1615" status="PASS">
          <reporter-output>
          </reporter-output>
        </test-method> <!-- Login -->
      </class> <!-- com.Runner.Test_Runner -->
    </test> <!-- Default test -->
  </suite> <!-- Default suite -->
</testng-results>
